<?xml version="1.0" encoding="UTF-8"?>
<!-- Generated by org.testng.reporters.JUnitReportReporter -->
<testsuite hostname="DESKTOP-HJFMQ82" failures="0" tests="2" name="com.vodafone.test.LoginUITest" time="11.471" errors="0" timestamp="2025-05-07T05:36:01 PDT" skipped="0">
  <testcase classname="com.vodafone.test.LoginUITest" name="headerTitle" time="5.409"/>
  <testcase classname="com.vodafone.test.LoginUITest" name="titleTest" time="6.062"/>
</testsuite> <!-- com.vodafone.test.LoginUITest -->
