<?xml version="1.0" encoding="UTF-8"?>
<!-- Generated by org.testng.reporters.JUnitReportReporter -->
<testsuite hostname="DESKTOP-HJFMQ82" failures="0" tests="10" name="com.vodafone.test.LoginTest" time="83.868" errors="0" timestamp="2025-05-08T05:11:58 PDT" skipped="0">
  <testcase classname="com.vodafone.test.LoginTest" name="invalidloginTest" time="7.497"/>
  <testcase classname="com.vodafone.test.LoginTest" name="invalidloginTest" time="7.545"/>
  <testcase classname="com.vodafone.test.LoginTest" name="invalidloginTest" time="7.443"/>
  <testcase classname="com.vodafone.test.LoginTest" name="invalidloginTest" time="9.794"/>
  <testcase classname="com.vodafone.test.LoginTest" name="validloginTest" time="8.630"/>
  <testcase classname="com.vodafone.test.LoginTest" name="invalidloginTest" time="8.975"/>
  <testcase classname="com.vodafone.test.LoginTest" name="invalidloginTest" time="7.853"/>
  <testcase classname="com.vodafone.test.LoginTest" name="invalidloginTest" time="8.212"/>
  <testcase classname="com.vodafone.test.LoginTest" name="invalidloginTest" time="9.313"/>
  <testcase classname="com.vodafone.test.LoginTest" name="invalidloginTest" time="8.606"/>
</testsuite> <!-- com.vodafone.test.LoginTest -->
