<?xml version="1.0" encoding="UTF-8"?>
<!-- Generated by org.testng.reporters.JUnitReportReporter -->
<testsuite hostname="DESKTOP-HJFMQ82" failures="0" tests="2" name="com.vodafone.test.LoginTest" time="17.381" errors="0" timestamp="2025-05-08T00:38:28 PDT" skipped="0">
  <testcase classname="com.vodafone.test.LoginTest" name="invalidloginTest" time="9.204"/>
  <testcase classname="com.vodafone.test.LoginTest" name="validloginTest" time="8.177"/>
</testsuite> <!-- com.vodafone.test.LoginTest -->
